<?xml version="1.0" encoding="UTF-8"?>
<!-- Generated by org.testng.reporters.JUnitXMLReporter -->
<testsuite ignored="6" hostname="DESKTOP-NINQTEC" failures="0" tests="1" name="Default test" time="6.731" errors="0" timestamp="2021-06-11T10:21:36 EDT">
  <testcase classname="testlayer.LoginTest" name="ClickLinked" time="3.28"/>
  <testcase classname="testlayer.LoginTest" name="clickfacebook" time="0.0">
    <ignored/>
  </testcase> <!-- clickfacebook -->
  <testcase classname="testlayer.LoginTest" name="Title" time="0.0">
    <ignored/>
  </testcase> <!-- Title -->
  <testcase classname="testlayer.LoginTest" name="clicktwitter" time="0.0">
    <ignored/>
  </testcase> <!-- clicktwitter -->
  <testcase classname="testlayer.LoginTest" name="clickyoutube" time="0.0">
    <ignored/>
  </testcase> <!-- clickyoutube -->
  <testcase classname="testlayer.LoginTest" name="Login" time="0.0">
    <ignored/>
  </testcase> <!-- Login -->
  <testcase classname="testlayer.LoginTest" name="Clickforgotpassword" time="0.0">
    <ignored/>
  </testcase> <!-- Clickforgotpassword -->
</testsuite> <!-- Default test -->
