<?xml version="1.0" encoding="UTF-8"?>
<testng-results ignored="6" total="7" passed="1" failed="0" skipped="0">
  <reporter-output>
  </reporter-output>
  <suite started-at="2021-06-11T10:21:29 EDT" name="Default suite" finished-at="2021-06-11T10:21:36 EDT" duration-ms="6731">
    <groups>
    </groups>
    <test started-at="2021-06-11T10:21:29 EDT" name="Default test" finished-at="2021-06-11T10:21:36 EDT" duration-ms="6731">
      <class name="testlayer.LoginTest">
        <test-method is-config="true" signature="initsetup()[pri:0, instance:testlayer.LoginTest@188715b5]" started-at="2021-06-11T10:21:29 EDT" name="initsetup" finished-at="2021-06-11T10:21:32 EDT" duration-ms="3418" status="PASS">
          <reporter-output>
          </reporter-output>
        </test-method> <!-- initsetup -->
        <test-method signature="ClickLinked()[pri:0, instance:testlayer.LoginTest@188715b5]" started-at="2021-06-11T10:21:32 EDT" name="ClickLinked" finished-at="2021-06-11T10:21:36 EDT" duration-ms="3280" status="PASS">
          <reporter-output>
          </reporter-output>
        </test-method> <!-- ClickLinked -->
      </class> <!-- testlayer.LoginTest -->
    </test> <!-- Default test -->
  </suite> <!-- Default suite -->
</testng-results>
